#                                                                            --- full sequence --- -------------- this domain -------------   hmm coord   ali coord   env coord
# target name        accession   tlen query name           accession   qlen   E-value  score  bias   #  of  c-Evalue  i-Evalue  score  bias  from    to  from    to  from    to  acc description of target
#------------------- ---------- ----- -------------------- ---------- ----- --------- ------ ----- --- --- --------- --------- ------ ----- ----- ----- ----- ----- ----- ----- ---- ---------------------
211_t                -           1107 1014314at2759        -            222   8.6e-22   71.3   7.1   1   5   7.3e-06   0.00088   12.4   0.1     2    36   318   352   297   354 0.72 -
211_t                -           1107 1014314at2759        -            222   8.6e-22   71.3   7.1   2   5   8.2e-05    0.0099    8.9   0.1     6    30   383   407   377   417 0.87 -
211_t                -           1107 1014314at2759        -            222   8.6e-22   71.3   7.1   3   5     0.005       0.6    3.1   0.0   137   169   430   462   415   463 0.85 -
211_t                -           1107 1014314at2759        -            222   8.6e-22   71.3   7.1   4   5   4.4e-11   5.3e-09   29.4   0.4     1    63   461   540   461   544 0.77 -
211_t                -           1107 1014314at2759        -            222   8.6e-22   71.3   7.1   5   5   1.1e-09   1.3e-07   24.9   0.0   138   193   524   581   515   593 0.87 -
110_t                -            372 1014314at2759        -            222   7.6e-12   38.7   1.1   1   4   2.5e-08     3e-06   20.4   0.3   125   182    67   124    60   129 0.89 -
110_t                -            372 1014314at2759        -            222   7.6e-12   38.7   1.1   2   4   5.2e-05    0.0063    9.6   0.0   124   161   155   192   146   204 0.84 -
110_t                -            372 1014314at2759        -            222   7.6e-12   38.7   1.1   3   4     0.031       3.7    0.5   0.0    68    94   242   268   209   277 0.72 -
110_t                -            372 1014314at2759        -            222   7.6e-12   38.7   1.1   4   4    0.0018      0.22    4.6   0.0   130   187   246   306   238   323 0.64 -
#
# Program:         hmmsearch
# Version:         3.3.2 (Nov 2020)
# Pipeline mode:   SEARCH
# Query file:      mb_downloads/eukaryota_odb10/hmms/1014314at2759.hmm
# Target file:     /home/katharina/git/GenomeAnnotation_Workshop/BRAKER2/bbc/genemark.aa
# Option settings: /opt/compleasm_kit/hmmsearch --domtblout /home/katharina/git/GenomeAnnotation_Workshop/BRAKER2/bbc/genemark/1014314at2759.out --cpu 1 mb_downloads/eukaryota_odb10/hmms/1014314at2759.hmm /home/katharina/git/GenomeAnnotation_Workshop/BRAKER2/bbc/genemark.aa 
# Current dir:     /home/katharina/git/GenomeAnnotation_Workshop/BRAKER2
# Date:            Sat Jan  6 19:13:33 2024
# [ok]
