#                                                                            --- full sequence --- -------------- this domain -------------   hmm coord   ali coord   env coord
# target name        accession   tlen query name           accession   qlen   E-value  score  bias   #  of  c-Evalue  i-Evalue  score  bias  from    to  from    to  from    to  acc description of target
#------------------- ---------- ----- -------------------- ---------- ----- --------- ------ ----- --- --- --------- --------- ------ ----- ----- ----- ----- ----- ----- ----- ---- ---------------------
211_t                -           1107 1049599at2759        -            340   3.5e-16   53.1   1.4   1   4   1.3e-06   0.00011   15.4   1.4   110   311   201   395   192   413 0.74 -
211_t                -           1107 1049599at2759        -            340   3.5e-16   53.1   1.4   2   4     0.062         5    0.0   0.1   206   229   386   409   364   448 0.74 -
211_t                -           1107 1049599at2759        -            340   3.5e-16   53.1   1.4   3   4   3.6e-05    0.0029   10.7   0.0   233   265   460   492   422   513 0.77 -
211_t                -           1107 1049599at2759        -            340   3.5e-16   53.1   1.4   4   4   1.3e-08     1e-06   22.0   0.0   210   273   524   593   493   600 0.88 -
110_t                -            372 1049599at2759        -            340   2.2e-07   24.2   0.0   1   3     4e-05    0.0032   10.5   0.0   199   232    69   102    40   126 0.74 -
110_t                -            372 1049599at2759        -            340   2.2e-07   24.2   0.0   2   3    0.0005      0.04    6.9   0.0   198   263   157   225   151   237 0.82 -
110_t                -            372 1049599at2759        -            340   2.2e-07   24.2   0.0   3   3     0.012      0.99    2.3   0.0   222   265   275   318   253   326 0.82 -
233_t                -            596 1049599at2759        -            340   3.2e-06   20.3   0.0   1   2   1.4e-07   1.1e-05   18.5   0.0    11    50    53    92    47   110 0.88 -
233_t                -            596 1049599at2759        -            340   3.2e-06   20.3   0.0   2   2      0.31        25   -2.3   0.0    11    52   118   161   114   167 0.71 -
#
# Program:         hmmsearch
# Version:         3.3.2 (Nov 2020)
# Pipeline mode:   SEARCH
# Query file:      mb_downloads/eukaryota_odb10/hmms/1049599at2759.hmm
# Target file:     /home/katharina/git/GenomeAnnotation_Workshop/BRAKER2/bbc/genemark.aa
# Option settings: /opt/compleasm_kit/hmmsearch --domtblout /home/katharina/git/GenomeAnnotation_Workshop/BRAKER2/bbc/genemark/1049599at2759.out --cpu 1 mb_downloads/eukaryota_odb10/hmms/1049599at2759.hmm /home/katharina/git/GenomeAnnotation_Workshop/BRAKER2/bbc/genemark.aa 
# Current dir:     /home/katharina/git/GenomeAnnotation_Workshop/BRAKER2
# Date:            Sat Jan  6 19:13:33 2024
# [ok]
