#                                                                            --- full sequence --- -------------- this domain -------------   hmm coord   ali coord   env coord
# target name        accession   tlen query name           accession   qlen   E-value  score  bias   #  of  c-Evalue  i-Evalue  score  bias  from    to  from    to  from    to  acc description of target
#------------------- ---------- ----- -------------------- ---------- ----- --------- ------ ----- --- --- --------- --------- ------ ----- ----- ----- ----- ----- ----- ----- ---- ---------------------
169_t                -            702 1312453at2759        -            678   1.2e-09   30.9   0.0   1   1   1.1e-10   2.1e-09   30.1   0.0    38   226   409   611   402   674 0.74 -
167_t                -            717 1312453at2759        -            678   1.5e-08   27.3   0.0   1   1   3.9e-09   7.3e-08   25.0   0.0    86   232   452   606   443   614 0.77 -
215_t                -            736 1312453at2759        -            678   1.5e-08   27.3   1.2   1   3   2.8e-09   5.1e-08   25.5   0.1    55   114   140   200   119   218 0.85 -
215_t                -            736 1312453at2759        -            678   1.5e-08   27.3   1.2   2   3       0.3       5.5   -1.0   0.0   163   184   247   268   244   283 0.83 -
215_t                -            736 1312453at2759        -            678   1.5e-08   27.3   1.2   3   3      0.82        15   -2.5   0.0   208   234   348   374   339   377 0.87 -
49_t                 -            524 1312453at2759        -            678   1.1e-07   24.4   0.0   1   1   8.6e-09   1.6e-07   23.9   0.0    95   182   326   412   312   423 0.85 -
211_t                -           1107 1312453at2759        -            678   1.2e-07   24.3   1.8   1   4      0.74        14   -2.3   0.0   573   590   327   344   311   363 0.82 -
211_t                -           1107 1312453at2759        -            678   1.2e-07   24.3   1.8   2   4   0.00056      0.01    8.0   0.1   574   652   389   467   371   474 0.80 -
211_t                -           1107 1312453at2759        -            678   1.2e-07   24.3   1.8   3   4    0.0058      0.11    4.6   0.1   574   592   472   490   469   509 0.83 -
211_t                -           1107 1312453at2759        -            678   1.2e-07   24.3   1.8   4   4   0.00031    0.0057    8.8   0.0   576   631   525   583   517   585 0.82 -
68_t                 -            994 1312453at2759        -            678   4.2e-06   19.2   0.0   1   1   3.4e-07   6.3e-06   18.6   0.0   100   181   812   896   799   901 0.86 -
186_t                -            345 1312453at2759        -            678     7e-06   18.5   0.0   1   1   8.3e-07   1.5e-05   17.3   0.0    89   229   116   265   110   271 0.72 -
67_t                 -           1004 1312453at2759        -            678     2e-05   16.9   0.0   1   1   1.7e-06   3.1e-05   16.3   0.0    95   183   810   897   800   902 0.78 -
21_t                 -            608 1312453at2759        -            678   5.1e-05   15.6   0.0   1   2       1.4        25   -3.2   0.0     9    42   286   317   283   356 0.80 -
21_t                 -            608 1312453at2759        -            678   5.1e-05   15.6   0.0   2   2   5.6e-06    0.0001   14.6   0.0    95   190   401   493   377   529 0.80 -
199_t                -            670 1312453at2759        -            678   5.2e-05   15.6   0.0   1   1     4e-06   7.4e-05   15.1   0.0    91   181   507   594   500   652 0.74 -
56_t                 -            767 1312453at2759        -            678   0.00012   14.4   0.0   1   1     1e-05   0.00018   13.8   0.0    86   181   547   640   489   649 0.78 -
160_t                -            623 1312453at2759        -            678    0.0016   10.7   0.0   1   1   0.00014    0.0025   10.0   0.0    76   177   406   512   360   534 0.76 -
110_t                -            372 1312453at2759        -            678    0.0023   10.1   0.1   1   2    0.0048      0.09    4.9   0.2   570   619    75   126    48   131 0.78 -
110_t                -            372 1312453at2759        -            678    0.0023   10.1   0.1   2   2     0.019      0.36    2.9   0.0   574   591   168   185   152   223 0.79 -
#
# Program:         hmmsearch
# Version:         3.3.2 (Nov 2020)
# Pipeline mode:   SEARCH
# Query file:      mb_downloads/eukaryota_odb10/hmms/1312453at2759.hmm
# Target file:     /home/katharina/git/GenomeAnnotation_Workshop/BRAKER2/bbc/genemark.aa
# Option settings: /opt/compleasm_kit/hmmsearch --domtblout /home/katharina/git/GenomeAnnotation_Workshop/BRAKER2/bbc/genemark/1312453at2759.out --cpu 1 mb_downloads/eukaryota_odb10/hmms/1312453at2759.hmm /home/katharina/git/GenomeAnnotation_Workshop/BRAKER2/bbc/genemark.aa 
# Current dir:     /home/katharina/git/GenomeAnnotation_Workshop/BRAKER2
# Date:            Sat Jan  6 19:13:34 2024
# [ok]
