#                                                                            --- full sequence --- -------------- this domain -------------   hmm coord   ali coord   env coord
# target name        accession   tlen query name           accession   qlen   E-value  score  bias   #  of  c-Evalue  i-Evalue  score  bias  from    to  from    to  from    to  acc description of target
#------------------- ---------- ----- -------------------- ---------- ----- --------- ------ ----- --- --- --------- --------- ------ ----- ----- ----- ----- ----- ----- ----- ---- ---------------------
211_t                -           1107 261328at2759         -            450   2.8e-24   79.5   1.7   1   3   2.4e-06   0.00028   13.6   0.0   135   189   292   346   284   360 0.83 -
211_t                -           1107 261328at2759         -            450   2.8e-24   79.5   1.7   2   3   1.8e-11   2.2e-09   30.4   0.9    93   206   389   507   385   511 0.88 -
211_t                -           1107 261328at2759         -            450   2.8e-24   79.5   1.7   3   3   1.4e-11   1.7e-09   30.8   0.0    92   148   522   580   518   585 0.78 -
110_t                -            372 261328at2759         -            450     5e-13   42.5   4.6   1   4   2.6e-07   3.1e-05   16.8   0.5   161   218    69   128    60   140 0.83 -
110_t                -            372 261328at2759         -            450     5e-13   42.5   4.6   2   4   2.7e-09   3.3e-07   23.3   0.0   144   195   140   192   132   198 0.86 -
110_t                -            372 261328at2759         -            450     5e-13   42.5   4.6   3   4      0.13        16   -2.1   0.0   163   197   245   279   233   283 0.84 -
110_t                -            372 261328at2759         -            450     5e-13   42.5   4.6   4   4    0.0087         1    1.8   0.0   167   193   294   320   288   325 0.86 -
#
# Program:         hmmsearch
# Version:         3.3.2 (Nov 2020)
# Pipeline mode:   SEARCH
# Query file:      mb_downloads/eukaryota_odb10/hmms/261328at2759.hmm
# Target file:     /home/katharina/git/GenomeAnnotation_Workshop/BRAKER2/bbc/genemark.aa
# Option settings: /opt/compleasm_kit/hmmsearch --domtblout /home/katharina/git/GenomeAnnotation_Workshop/BRAKER2/bbc/genemark/261328at2759.out --cpu 1 mb_downloads/eukaryota_odb10/hmms/261328at2759.hmm /home/katharina/git/GenomeAnnotation_Workshop/BRAKER2/bbc/genemark.aa 
# Current dir:     /home/katharina/git/GenomeAnnotation_Workshop/BRAKER2
# Date:            Sat Jan  6 19:13:33 2024
# [ok]
