#                                                                            --- full sequence --- -------------- this domain -------------   hmm coord   ali coord   env coord
# target name        accession   tlen query name           accession   qlen   E-value  score  bias   #  of  c-Evalue  i-Evalue  score  bias  from    to  from    to  from    to  acc description of target
#------------------- ---------- ----- -------------------- ---------- ----- --------- ------ ----- --- --- --------- --------- ------ ----- ----- ----- ----- ----- ----- ----- ---- ---------------------
211_t                -           1107 325552at2759         -            426   7.6e-28   91.3   4.2   1   4   3.5e-07   4.2e-05   16.4   0.1   192   235   310   353   304   363 0.87 -
211_t                -           1107 325552at2759         -            426   7.6e-28   91.3   4.2   2   4   2.3e-07   2.8e-05   17.0   0.4   153   223   372   443   359   455 0.83 -
211_t                -           1107 325552at2759         -            426   7.6e-28   91.3   4.2   3   4   5.9e-14   7.1e-12   38.7   0.1   150   227   454   540   447   540 0.84 -
211_t                -           1107 325552at2759         -            426   7.6e-28   91.3   4.2   4   4   8.8e-11   1.1e-08   28.2   0.0   169   228   524   583   516   592 0.94 -
110_t                -            372 325552at2759         -            426   3.5e-11   36.4   0.6   1   3   1.9e-05    0.0023   10.7   0.2   155   215    66   126    62   131 0.87 -
110_t                -            372 325552at2759         -            426   3.5e-11   36.4   0.6   2   3   0.00035     0.042    6.5   0.0   188   229   146   187   129   232 0.64 -
110_t                -            372 325552at2759         -            426   3.5e-11   36.4   0.6   3   3   3.7e-07   4.5e-05   16.3   0.0   155   228   240   316   221   330 0.80 -
#
# Program:         hmmsearch
# Version:         3.3.2 (Nov 2020)
# Pipeline mode:   SEARCH
# Query file:      mb_downloads/eukaryota_odb10/hmms/325552at2759.hmm
# Target file:     /home/katharina/git/GenomeAnnotation_Workshop/BRAKER2/bbc/genemark.aa
# Option settings: /opt/compleasm_kit/hmmsearch --domtblout /home/katharina/git/GenomeAnnotation_Workshop/BRAKER2/bbc/genemark/325552at2759.out --cpu 1 mb_downloads/eukaryota_odb10/hmms/325552at2759.hmm /home/katharina/git/GenomeAnnotation_Workshop/BRAKER2/bbc/genemark.aa 
# Current dir:     /home/katharina/git/GenomeAnnotation_Workshop/BRAKER2
# Date:            Sat Jan  6 19:13:33 2024
# [ok]
