#                                                                            --- full sequence --- -------------- this domain -------------   hmm coord   ali coord   env coord
# target name        accession   tlen query name           accession   qlen   E-value  score  bias   #  of  c-Evalue  i-Evalue  score  bias  from    to  from    to  from    to  acc description of target
#------------------- ---------- ----- -------------------- ---------- ----- --------- ------ ----- --- --- --------- --------- ------ ----- ----- ----- ----- ----- ----- ----- ---- ---------------------
211_t                -           1107 759498at2759         -            434   5.4e-20   65.4   0.9   1   5   2.1e-06   0.00025   13.8   0.0   212   251   310   349   300   375 0.87 -
211_t                -           1107 759498at2759         -            434   5.4e-20   65.4   0.9   2   5     0.018       2.1    0.8   0.1   225   248   384   407   367   413 0.76 -
211_t                -           1107 759498at2759         -            434   5.4e-20   65.4   0.9   3   5   3.3e-09     4e-07   23.0   0.0   209   249   451   491   448   495 0.93 -
211_t                -           1107 759498at2759         -            434   5.4e-20   65.4   0.9   4   5    0.0061      0.73    2.4   0.0   228   251   521   544   495   547 0.84 -
211_t                -           1107 759498at2759         -            434   5.4e-20   65.4   0.9   5   5   8.8e-08   1.1e-05   18.3   0.0   212   249   547   584   545   594 0.92 -
110_t                -            372 759498at2759         -            434   1.2e-10   34.6   0.1   1   3     2e-05    0.0024   10.5   0.0   217   252    66   101    59   106 0.92 -
110_t                -            372 759498at2759         -            434   1.2e-10   34.6   0.1   2   3   4.5e-06   0.00054   12.7   0.0   212   252   150   190   143   196 0.91 -
110_t                -            372 759498at2759         -            434   1.2e-10   34.6   0.1   3   3   0.00016     0.019    7.6   0.0   224   256   292   324   282   329 0.90 -
#
# Program:         hmmsearch
# Version:         3.3.2 (Nov 2020)
# Pipeline mode:   SEARCH
# Query file:      mb_downloads/eukaryota_odb10/hmms/759498at2759.hmm
# Target file:     /home/katharina/git/GenomeAnnotation_Workshop/BRAKER2/bbc/genemark.aa
# Option settings: /opt/compleasm_kit/hmmsearch --domtblout /home/katharina/git/GenomeAnnotation_Workshop/BRAKER2/bbc/genemark/759498at2759.out --cpu 1 mb_downloads/eukaryota_odb10/hmms/759498at2759.hmm /home/katharina/git/GenomeAnnotation_Workshop/BRAKER2/bbc/genemark.aa 
# Current dir:     /home/katharina/git/GenomeAnnotation_Workshop/BRAKER2
# Date:            Sat Jan  6 19:13:33 2024
# [ok]
