#                                                                            --- full sequence --- -------------- this domain -------------   hmm coord   ali coord   env coord
# target name        accession   tlen query name           accession   qlen   E-value  score  bias   #  of  c-Evalue  i-Evalue  score  bias  from    to  from    to  from    to  acc description of target
#------------------- ---------- ----- -------------------- ---------- ----- --------- ------ ----- --- --- --------- --------- ------ ----- ----- ----- ----- ----- ----- ----- ---- ---------------------
211_t                -           1107 779909at2759         -            227   1.6e-19   64.2   0.7   1   4   8.7e-06     0.001   12.5   0.0    58   115   307   364   300   370 0.89 -
211_t                -           1107 779909at2759         -            227   1.6e-19   64.2   0.7   2   4   6.5e-05    0.0079    9.6   0.3    63    98   371   408   364   432 0.83 -
211_t                -           1107 779909at2759         -            227   1.6e-19   64.2   0.7   3   4   3.4e-07   4.1e-05   17.1   0.0    55    99   448   492   428   507 0.84 -
211_t                -           1107 779909at2759         -            227   1.6e-19   64.2   0.7   4   4   3.4e-07   4.1e-05   17.1   0.0    45    99   532   585   526   597 0.88 -
110_t                -            372 779909at2759         -            227     2e-11   37.7   0.0   1   4   1.3e-06   0.00016   15.1   0.0    68   102    68   102    57   124 0.86 -
110_t                -            372 779909at2759         -            227     2e-11   37.7   0.0   2   4   0.00037     0.045    7.1   0.0    59    99   148   188   138   211 0.85 -
110_t                -            372 779909at2759         -            227     2e-11   37.7   0.0   3   4   6.5e-05    0.0078    9.6   0.0     3    95   170   269   169   291 0.69 -
110_t                -            372 779909at2759         -            227     2e-11   37.7   0.0   4   4    0.0025       0.3    4.4   0.0    72    99   291   318   285   334 0.81 -
#
# Program:         hmmsearch
# Version:         3.3.2 (Nov 2020)
# Pipeline mode:   SEARCH
# Query file:      mb_downloads/eukaryota_odb10/hmms/779909at2759.hmm
# Target file:     /home/katharina/git/GenomeAnnotation_Workshop/BRAKER2/bbc/genemark.aa
# Option settings: /opt/compleasm_kit/hmmsearch --domtblout /home/katharina/git/GenomeAnnotation_Workshop/BRAKER2/bbc/genemark/779909at2759.out --cpu 1 mb_downloads/eukaryota_odb10/hmms/779909at2759.hmm /home/katharina/git/GenomeAnnotation_Workshop/BRAKER2/bbc/genemark.aa 
# Current dir:     /home/katharina/git/GenomeAnnotation_Workshop/BRAKER2
# Date:            Sat Jan  6 19:13:33 2024
# [ok]
