#                                                                            --- full sequence --- -------------- this domain -------------   hmm coord   ali coord   env coord
# target name        accession   tlen query name           accession   qlen   E-value  score  bias   #  of  c-Evalue  i-Evalue  score  bias  from    to  from    to  from    to  acc description of target
#------------------- ---------- ----- -------------------- ---------- ----- --------- ------ ----- --- --- --------- --------- ------ ----- ----- ----- ----- ----- ----- ----- ---- ---------------------
211_t                -           1107 866359at2759         -            265   1.3e-12   41.5  10.6   1   5   9.3e-06    0.0011   12.2   1.6    45   138   313   406   308   408 0.69 -
211_t                -           1107 866359at2759         -            265   1.3e-12   41.5  10.6   2   5    0.0015      0.18    4.9   0.7    52    80   379   409   372   455 0.75 -
211_t                -           1107 866359at2759         -            265   1.3e-12   41.5  10.6   3   5   1.6e-06   0.00019   14.7   0.1    45    86   457   498   435   506 0.89 -
211_t                -           1107 866359at2759         -            265   1.3e-12   41.5  10.6   4   5   0.00061     0.073    6.2   0.0    61    84   524   547   517   549 0.86 -
211_t                -           1107 866359at2759         -            265   1.3e-12   41.5  10.6   5   5   1.4e-05    0.0016   11.6   0.1    32    77   536   582   533   584 0.71 -
110_t                -            372 866359at2759         -            265   7.9e-12   38.9   2.3   1   4   2.8e-07   3.4e-05   17.1   0.1    50   105    69   122    61   152 0.81 -
110_t                -            372 866359at2759         -            265   7.9e-12   38.9   2.3   2   4    0.0012      0.14    5.3   0.0    45    81   153   189   143   206 0.85 -
110_t                -            372 866359at2759         -            265   7.9e-12   38.9   2.3   3   4   0.00018     0.022    7.9   0.0   206   253   220   266   216   277 0.89 -
110_t                -            372 866359at2759         -            265   7.9e-12   38.9   2.3   4   4    0.0011      0.13    5.4   0.0    57    82   295   320   286   326 0.86 -
#
# Program:         hmmsearch
# Version:         3.3.2 (Nov 2020)
# Pipeline mode:   SEARCH
# Query file:      mb_downloads/eukaryota_odb10/hmms/866359at2759.hmm
# Target file:     /home/katharina/git/GenomeAnnotation_Workshop/BRAKER2/bbc/genemark.aa
# Option settings: /opt/compleasm_kit/hmmsearch --domtblout /home/katharina/git/GenomeAnnotation_Workshop/BRAKER2/bbc/genemark/866359at2759.out --cpu 1 mb_downloads/eukaryota_odb10/hmms/866359at2759.hmm /home/katharina/git/GenomeAnnotation_Workshop/BRAKER2/bbc/genemark.aa 
# Current dir:     /home/katharina/git/GenomeAnnotation_Workshop/BRAKER2
# Date:            Sat Jan  6 19:13:33 2024
# [ok]
